<?xml version="1.0" encoding="UTF-8"?>
<!-- Generated by org.testng.reporters.JUnitReportReporter -->
<testsuite skipped="0" hostname="Richi-PC" name="TestCase.POM_TC" tests="1" failures="0" timestamp="12 Apr 2018 00:30:29 GMT" time="34.045" errors="0">
  <testcase name="test1" time="34.045" classname="TestCase.POM_TC"/>
</testsuite> <!-- TestCase.POM_TC -->
