<?xml version="1.0" encoding="UTF-8"?>
<!-- Generated by org.testng.reporters.JUnitReportReporter -->
<testsuite skipped="0" hostname="Richi-PC" name="website" tests="1" failures="0" timestamp="11 Apr 2018 22:24:19 GMT" time="111.960" errors="0">
  <testcase name="test1" time="111.960" classname="website"/>
</testsuite> <!-- website -->
